TN:
SF:src\module-X\domain\entity\calculator.ts
FN:3,<instance_members_initializer>
FN:8,add
FN:16,sub
FNF:3
FNH:2
FNDA:1,<instance_members_initializer>
FNDA:1,add
FNDA:0,sub
DA:1,1
DA:2,1
DA:3,1
DA:4,1
DA:5,1
DA:6,1
DA:7,1
DA:8,1
DA:9,1
DA:10,1
DA:11,1
DA:12,1
DA:13,1
DA:14,1
DA:15,1
DA:16,1
DA:17,0
DA:18,0
DA:19,0
DA:20,0
DA:21,1
LF:21
LH:17
BRDA:3,0,0,1
BRDA:8,1,0,1
BRF:2
BRH:2
end_of_record
TN:
SF:src\module-X\domain\entity\test-importer.ts
FN:1,<instance_members_initializer>
FN:4,Test0
FN:8,hello
FNF:3
FNH:3
FNDA:1,<instance_members_initializer>
FNDA:1,Test0
FNDA:1,hello
DA:1,1
DA:2,1
DA:3,1
DA:4,1
DA:5,1
DA:6,1
DA:7,1
DA:8,1
DA:9,1
DA:10,1
DA:11,1
LF:11
LH:11
BRDA:1,0,0,1
BRDA:4,1,0,1
BRDA:8,2,0,1
BRF:3
BRH:3
end_of_record
